<?xml version="1.0" encoding="UTF-8"?>
<testng-results ignored="0" total="2" passed="2" failed="0" skipped="0">
  <reporter-output>
  </reporter-output>
  <suite started-at="2023-12-01T17:10:55 IST" name="Default suite" finished-at="2023-12-01T17:11:10 IST" duration-ms="15171">
    <groups>
    </groups>
    <test started-at="2023-12-01T17:10:55 IST" name="Default test" finished-at="2023-12-01T17:11:10 IST" duration-ms="15171">
      <class name="ManjuPackage.Grid2">
        <test-method signature="ib_login()[pri:0, instance:ManjuPackage.Grid2@55b699ef]" started-at="2023-12-01T17:10:55 IST" name="ib_login" finished-at="2023-12-01T17:11:04 IST" duration-ms="8643" status="PASS">
          <reporter-output>
          </reporter-output>
        </test-method> <!-- ib_login -->
        <test-method signature="ib_register()[pri:0, instance:ManjuPackage.Grid2@55b699ef]" started-at="2023-12-01T17:11:04 IST" name="ib_register" finished-at="2023-12-01T17:11:10 IST" duration-ms="6461" status="PASS">
          <reporter-output>
          </reporter-output>
        </test-method> <!-- ib_register -->
      </class> <!-- ManjuPackage.Grid2 -->
    </test> <!-- Default test -->
  </suite> <!-- Default suite -->
</testng-results>
